0 info it worked if it ends with ok
1 verbose cli [ 'node', '/usr/local/bin/npm', 'install', 'node-sass' ]
2 info using npm@1.4.28
3 info using node@v0.10.33
4 warn package.json ansi-color@0.2.1 'repositories' (plural) Not supported. Please pick one as the 'repository' field
5 warn package.json express-namespace@0.1.1 No repository field.
6 warn package.json express-resource@1.0.0 No repository field.
7 verbose readDependencies using package.json deps
8 verbose cache add [ 'node-sass', null ]
9 verbose cache add name=undefined spec="node-sass" args=["node-sass",null]
10 verbose parsed url { protocol: null,
10 verbose parsed url   slashes: null,
10 verbose parsed url   auth: null,
10 verbose parsed url   host: null,
10 verbose parsed url   port: null,
10 verbose parsed url   hostname: null,
10 verbose parsed url   hash: null,
10 verbose parsed url   search: null,
10 verbose parsed url   query: null,
10 verbose parsed url   pathname: 'node-sass',
10 verbose parsed url   path: 'node-sass',
10 verbose parsed url   href: 'node-sass' }
11 silly lockFile 9209a311-node-sass node-sass
12 verbose lock node-sass /Users/boblikesoup/.npm/9209a311-node-sass.lock
13 silly lockFile 9209a311-node-sass node-sass
14 silly lockFile 9209a311-node-sass node-sass
15 verbose addNamed [ 'node-sass', '' ]
16 verbose addNamed [ null, '*' ]
17 silly lockFile 8df65bd4-node-sass node-sass@
18 verbose lock node-sass@ /Users/boblikesoup/.npm/8df65bd4-node-sass.lock
19 silly addNameRange { name: 'node-sass', range: '*', hasData: false }
20 verbose request where is /node-sass
21 verbose request registry https://registry.npmjs.org/
22 verbose request id 61c746e0f787a374
23 verbose url raw /node-sass
24 verbose url resolving [ 'https://registry.npmjs.org/', './node-sass' ]
25 verbose url resolved https://registry.npmjs.org/node-sass
26 verbose request where is https://registry.npmjs.org/node-sass
27 info trying registry request attempt 1 at 12:09:40
28 verbose etag "9PFOK8Y4YKLISNID77ZU7IS5W"
29 http GET https://registry.npmjs.org/node-sass
30 http 304 https://registry.npmjs.org/node-sass
31 silly registry.get cb [ 304,
31 silly registry.get   { date: 'Fri, 23 Jan 2015 20:09:40 GMT',
31 silly registry.get     server: 'Apache',
31 silly registry.get     via: '1.1 varnish',
31 silly registry.get     'last-modified': 'Fri, 23 Jan 2015 20:09:40 GMT',
31 silly registry.get     'cache-control': 'max-age=60',
31 silly registry.get     etag: '"9PFOK8Y4YKLISNID77ZU7IS5W"',
31 silly registry.get     age: '50',
31 silly registry.get     'x-served-by': 'cache-sjc3134-SJC',
31 silly registry.get     'x-cache': 'HIT',
31 silly registry.get     'x-cache-hits': '1',
31 silly registry.get     'x-timer': 'S1422043780.394410,VS0,VE0',
31 silly registry.get     vary: 'Accept',
31 silly registry.get     'content-length': '0',
31 silly registry.get     'keep-alive': 'timeout=10, max=50',
31 silly registry.get     connection: 'Keep-Alive' } ]
32 verbose etag https://registry.npmjs.org/node-sass from cache
33 silly addNameRange number 2 { name: 'node-sass', range: '*', hasData: true }
34 silly addNameRange versions [ 'node-sass',
34 silly addNameRange   [ '0.2.0',
34 silly addNameRange     '0.2.1',
34 silly addNameRange     '0.2.2',
34 silly addNameRange     '0.2.3',
34 silly addNameRange     '0.2.4',
34 silly addNameRange     '0.2.5',
34 silly addNameRange     '0.2.6',
34 silly addNameRange     '0.3.0',
34 silly addNameRange     '0.4.0',
34 silly addNameRange     '0.4.1',
34 silly addNameRange     '0.4.2',
34 silly addNameRange     '0.4.3',
34 silly addNameRange     '0.4.4',
34 silly addNameRange     '0.5.0',
34 silly addNameRange     '0.5.1',
34 silly addNameRange     '0.5.2',
34 silly addNameRange     '0.5.3',
34 silly addNameRange     '0.5.4',
34 silly addNameRange     '0.6.0',
34 silly addNameRange     '0.6.1',
34 silly addNameRange     '0.6.2',
34 silly addNameRange     '0.6.3',
34 silly addNameRange     '0.6.4',
34 silly addNameRange     '0.6.5',
34 silly addNameRange     '0.6.6',
34 silly addNameRange     '0.6.7',
34 silly addNameRange     '0.7.0-alpha',
34 silly addNameRange     '0.7.0',
34 silly addNameRange     '0.8.0',
34 silly addNameRange     '0.8.1',
34 silly addNameRange     '0.8.2',
34 silly addNameRange     '0.8.3',
34 silly addNameRange     '0.8.4',
34 silly addNameRange     '0.8.5',
34 silly addNameRange     '0.8.6',
34 silly addNameRange     '0.9.0',
34 silly addNameRange     '0.9.1',
34 silly addNameRange     '0.9.2',
34 silly addNameRange     '0.9.3',
34 silly addNameRange     '0.9.4-rc1',
34 silly addNameRange     '0.9.4',
34 silly addNameRange     '0.9.5-rc1',
34 silly addNameRange     '0.9.5',
34 silly addNameRange     '0.9.6',
34 silly addNameRange     '1.0.0',
34 silly addNameRange     '1.0.1',
34 silly addNameRange     '1.0.2-alpha',
34 silly addNameRange     '1.0.2',
34 silly addNameRange     '1.0.3',
34 silly addNameRange     '1.1.0',
34 silly addNameRange     '1.1.1',
34 silly addNameRange     '1.1.2',
34 silly addNameRange     '1.1.3',
34 silly addNameRange     '1.1.4',
34 silly addNameRange     '1.2.0',
34 silly addNameRange     '1.2.1',
34 silly addNameRange     '1.2.2',
34 silly addNameRange     '1.2.3',
34 silly addNameRange     '2.0.0-beta' ] ]
35 verbose addNamed [ 'node-sass', '2.0.0-beta' ]
36 verbose addNamed [ '2.0.0-beta', '2.0.0-beta' ]
37 silly lockFile 959dac6b-node-sass-2-0-0-beta node-sass@2.0.0-beta
38 verbose lock node-sass@2.0.0-beta /Users/boblikesoup/.npm/959dac6b-node-sass-2-0-0-beta.lock
39 silly lockFile 9b4c0d18-de-sass-node-sass-2-0-0-beta-tgz https://registry.npmjs.org/node-sass/-/node-sass-2.0.0-beta.tgz
40 verbose lock https://registry.npmjs.org/node-sass/-/node-sass-2.0.0-beta.tgz /Users/boblikesoup/.npm/9b4c0d18-de-sass-node-sass-2-0-0-beta-tgz.lock
41 verbose addRemoteTarball [ 'https://registry.npmjs.org/node-sass/-/node-sass-2.0.0-beta.tgz',
41 verbose addRemoteTarball   '33e17f5e92c2fa8ab6c96d406ad95c70450d5e72' ]
42 info retry fetch attempt 1 at 12:09:40
43 verbose fetch to= /var/folders/5l/j8xv50pn4ds8hbjnl97qbjt40000gp/T/npm-1522-ORyWpuz0/registry.npmjs.org/node-sass/-/node-sass-2.0.0-beta.tgz
44 http GET https://registry.npmjs.org/node-sass/-/node-sass-2.0.0-beta.tgz
45 http 200 https://registry.npmjs.org/node-sass/-/node-sass-2.0.0-beta.tgz
46 silly lockFile 9b4c0d18-de-sass-node-sass-2-0-0-beta-tgz https://registry.npmjs.org/node-sass/-/node-sass-2.0.0-beta.tgz
47 silly lockFile 9b4c0d18-de-sass-node-sass-2-0-0-beta-tgz https://registry.npmjs.org/node-sass/-/node-sass-2.0.0-beta.tgz
48 silly lockFile 959dac6b-node-sass-2-0-0-beta node-sass@2.0.0-beta
49 silly lockFile 959dac6b-node-sass-2-0-0-beta node-sass@2.0.0-beta
50 silly lockFile 8df65bd4-node-sass node-sass@
51 silly lockFile 8df65bd4-node-sass node-sass@
52 error Error: EACCES, mkdir '/Users/boblikesoup/.npm/node-sass/2.0.0-beta'
52 error  { [Error: EACCES, mkdir '/Users/boblikesoup/.npm/node-sass/2.0.0-beta']
52 error   errno: 3,
52 error   code: 'EACCES',
52 error   path: '/Users/boblikesoup/.npm/node-sass/2.0.0-beta',
52 error   parent: 'bloc-rdio-skeleton' }
53 error Please try running this command again as root/Administrator.
54 error System Darwin 14.0.0
55 error command "node" "/usr/local/bin/npm" "install" "node-sass"
56 error cwd /Users/boblikesoup/Desktop/bloc-jams
57 error node -v v0.10.33
58 error npm -v 1.4.28
59 error path /Users/boblikesoup/.npm/node-sass/2.0.0-beta
60 error code EACCES
61 error errno 3
62 error stack Error: EACCES, mkdir '/Users/boblikesoup/.npm/node-sass/2.0.0-beta'
63 verbose exit [ 3, true ]
